Using pre-set license
Built from '2021.3/staging' branch; Version is '2021.3.25f1 (68ef2c4f8861) revision 6876972'; Using compiler version '192829333'; Build Type 'Release'
OS: 'Windows 10  (10.0.19045) 64bit Professional' Language: 'en' Physical Memory: 15740 MB
BatchMode: 1, IsHumanControllingUs: 0, StartBugReporterOnCrash: 0, Is64bit: 1, IsPro: 1

COMMAND LINE ARGUMENTS:
C:\Program Files\Unity\Hub\Editor\2021.3.25f1\Editor\Unity.exe
-adb2
-batchMode
-noUpm
-name
AssetImportWorker4
-projectPath
D:/UnityProject/vrprojects
-logFile
Logs/AssetImportWorker4.log
-srvPort
53395
Successfully changed project path to: D:/UnityProject/vrprojects
D:/UnityProject/vrprojects
[UnityMemory] Configuration Parameters - Can be set up in boot.config
    "memorysetup-bucket-allocator-granularity=16"
    "memorysetup-bucket-allocator-bucket-count=8"
    "memorysetup-bucket-allocator-block-size=33554432"
    "memorysetup-bucket-allocator-block-count=8"
    "memorysetup-main-allocator-block-size=16777216"
    "memorysetup-thread-allocator-block-size=16777216"
    "memorysetup-gfx-main-allocator-block-size=16777216"
    "memorysetup-gfx-thread-allocator-block-size=16777216"
    "memorysetup-cache-allocator-block-size=4194304"
    "memorysetup-typetree-allocator-block-size=2097152"
    "memorysetup-profiler-bucket-allocator-granularity=16"
    "memorysetup-profiler-bucket-allocator-bucket-count=8"
    "memorysetup-profiler-bucket-allocator-block-size=33554432"
    "memorysetup-profiler-bucket-allocator-block-count=8"
    "memorysetup-profiler-allocator-block-size=16777216"
    "memorysetup-profiler-editor-allocator-block-size=1048576"
    "memorysetup-temp-allocator-size-main=16777216"
    "memorysetup-job-temp-allocator-block-size=2097152"
    "memorysetup-job-temp-allocator-block-size-background=1048576"
    "memorysetup-job-temp-allocator-reduction-small-platforms=262144"
    "memorysetup-temp-allocator-size-background-worker=32768"
    "memorysetup-temp-allocator-size-job-worker=262144"
    "memorysetup-temp-allocator-size-preload-manager=33554432"
    "memorysetup-temp-allocator-size-nav-mesh-worker=65536"
    "memorysetup-temp-allocator-size-audio-worker=65536"
    "memorysetup-temp-allocator-size-cloud-worker=32768"
    "memorysetup-temp-allocator-size-gi-baking-worker=262144"
    "memorysetup-temp-allocator-size-gfx=262144"
Player connection [27904] Host "[IP] 192.168.1.7 [Port] 0 [Flags] 2 [Guid] 438397310 [EditorId] 438397310 [Version] 1048832 [Id] WindowsEditor(7,DESKTOP-LN0N6MC) [Debug] 1 [PackageName] WindowsEditor [ProjectName] Editor" joined multi-casting on [225.0.0.222:54997]...

Player connection [27904] Host "[IP] 192.168.1.7 [Port] 0 [Flags] 2 [Guid] 438397310 [EditorId] 438397310 [Version] 1048832 [Id] WindowsEditor(7,DESKTOP-LN0N6MC) [Debug] 1 [PackageName] WindowsEditor [ProjectName] Editor" joined alternative multi-casting on [225.0.0.222:34997]...

Refreshing native plugins compatible for Editor in 110.12 ms, found 8 plugins.
Preloading 1 native plugins for Editor in 0.51 ms.
Initialize engine version: 2021.3.25f1 (68ef2c4f8861)
[Subsystems] Discovering subsystems at path C:/Program Files/Unity/Hub/Editor/2021.3.25f1/Editor/Data/Resources/UnitySubsystems
[Subsystems] Discovering subsystems at path D:/UnityProject/vrprojects/Assets
GfxDevice: creating device client; threaded=0; jobified=0
Direct3D:
    Version:  Direct3D 11.0 [level 11.1]
    Renderer: AMD Radeon(TM) Graphics (ID=0x1638)
    Vendor:   ATI
    VRAM:     7870 MB
    Driver:   31.0.12002.92
Shader 'Oculus/OVRMRCameraFrameLit': fallback shader 'Alpha-Diffuse' not found
Initialize mono
Mono path[0] = 'C:/Program Files/Unity/Hub/Editor/2021.3.25f1/Editor/Data/Managed'
Mono path[1] = 'C:/Program Files/Unity/Hub/Editor/2021.3.25f1/Editor/Data/MonoBleedingEdge/lib/mono/unityjit-win32'
Mono config path = 'C:/Program Files/Unity/Hub/Editor/2021.3.25f1/Editor/Data/MonoBleedingEdge/etc'
Using monoOptions --debugger-agent=transport=dt_socket,embedding=1,server=y,suspend=n,address=127.0.0.1:56624
Begin MonoManager ReloadAssembly
Registering precompiled unity dll's ...
Register platform support module: C:/Program Files/Unity/Hub/Editor/2021.3.25f1/Editor/Data/PlaybackEngines/WebGLSupport/UnityEditor.WebGL.Extensions.dll
Register platform support module: C:/Program Files/Unity/Hub/Editor/2021.3.25f1/Editor/Data/PlaybackEngines/AndroidPlayer/UnityEditor.Android.Extensions.dll
Register platform support module: C:/Program Files/Unity/Hub/Editor/2021.3.25f1/Editor/Data/PlaybackEngines/WindowsStandaloneSupport/UnityEditor.WindowsStandalone.Extensions.dll
Registered in 0.008370 seconds.
Native extension for WindowsStandalone target not found
Native extension for Android target not found
Android Extension - Scanning For ADB Devices 244 ms
Native extension for WebGL target not found
Refreshing native plugins compatible for Editor in 97.16 ms, found 8 plugins.
Preloading 1 native plugins for Editor in 0.06 ms.
Mono: successfully reloaded assembly
- Completed reload, in  0.816 seconds
Domain Reload Profiling:
	ReloadAssembly (817ms)
		BeginReloadAssembly (75ms)
			ExecutionOrderSort (0ms)
			DisableScriptedObjects (0ms)
			BackupInstance (0ms)
			ReleaseScriptingObjects (0ms)
			CreateAndSetChildDomain (1ms)
		EndReloadAssembly (660ms)
			LoadAssemblies (74ms)
			RebuildTransferFunctionScriptingTraits (0ms)
			SetupTypeCache (80ms)
			ReleaseScriptCaches (0ms)
			RebuildScriptCaches (21ms)
			SetupLoadedEditorAssemblies (516ms)
				LogAssemblyErrors (0ms)
				InitializePlatformSupportModulesInManaged (317ms)
				SetLoadedEditorAssemblies (0ms)
				RefreshPlugins (97ms)
				BeforeProcessingInitializeOnLoad (1ms)
				ProcessInitializeOnLoadAttributes (67ms)
				ProcessInitializeOnLoadMethodAttributes (32ms)
				AfterProcessingInitializeOnLoad (0ms)
				EditorAssembliesLoaded (0ms)
			ExecutionOrderSort2 (0ms)
			AwakeInstancesAfterBackupRestoration (0ms)
Platform modules already initialized, skipping
Registering precompiled user dll's ...
Registered in 0.007190 seconds.
Begin MonoManager ReloadAssembly
Symbol file LoadedFromMemory doesn't match image D:\UnityProject\vrprojects\Library\PackageCache\com.unity.visualscripting@1.8.0\Editor\VisualScripting.Core\Dependencies\DotNetZip\Unity.VisualScripting.IonicZip.dll
Symbol file LoadedFromMemory doesn't match image D:\UnityProject\vrprojects\Library\PackageCache\com.unity.visualscripting@1.8.0\Editor\VisualScripting.Core\Dependencies\YamlDotNet\Unity.VisualScripting.YamlDotNet.dll
Native extension for WindowsStandalone target not found
Native extension for Android target not found
Native extension for WebGL target not found
Refreshing native plugins compatible for Editor in 96.53 ms, found 8 plugins.
Preloading 1 native plugins for Editor in 0.03 ms.
Package Manager log level set to [2]
[XR] OculusXRPlugin: registering subsystems
[XR] Unable to register display lifecyle provider: [1]
[XR] Oculus Input lifecycle provider registered.
[XR] Unable to register input lifecyle provider: [1]
[XR] OVRP version 1.86.1
Mono: successfully reloaded assembly
- Completed reload, in  1.711 seconds
Domain Reload Profiling:
	ReloadAssembly (1712ms)
		BeginReloadAssembly (106ms)
			ExecutionOrderSort (0ms)
			DisableScriptedObjects (5ms)
			BackupInstance (0ms)
			ReleaseScriptingObjects (0ms)
			CreateAndSetChildDomain (22ms)
		EndReloadAssembly (1524ms)
			LoadAssemblies (97ms)
			RebuildTransferFunctionScriptingTraits (0ms)
			SetupTypeCache (245ms)
			ReleaseScriptCaches (1ms)
			RebuildScriptCaches (70ms)
			SetupLoadedEditorAssemblies (1083ms)
				LogAssemblyErrors (0ms)
				InitializePlatformSupportModulesInManaged (18ms)
				SetLoadedEditorAssemblies (0ms)
				RefreshPlugins (97ms)
				BeforeProcessingInitializeOnLoad (100ms)
				ProcessInitializeOnLoadAttributes (768ms)
				ProcessInitializeOnLoadMethodAttributes (92ms)
				AfterProcessingInitializeOnLoad (8ms)
				EditorAssembliesLoaded (0ms)
			ExecutionOrderSort2 (0ms)
			AwakeInstancesAfterBackupRestoration (5ms)
Platform modules already initialized, skipping
========================================================================
Worker process is ready to serve import requests
Shader 'Oculus/OVRMRCameraFrameLit': fallback shader 'Alpha-Diffuse' not found
Launched and connected shader compiler UnityShaderCompiler.exe after 0.04 seconds
Refreshing native plugins compatible for Editor in 1.50 ms, found 8 plugins.
Preloading 1 native plugins for Editor in 0.03 ms.
Unloading 5973 Unused Serialized files (Serialized files now loaded: 0)
Unloading 71 unused Assets / (427.1 KB). Loaded Objects now: 6451.
Memory consumption went from 228.5 MB to 228.1 MB.
Total: 3.782500 ms (FindLiveObjects: 0.530300 ms CreateObjectMapping: 0.176300 ms MarkObjects: 2.910600 ms  DeleteObjects: 0.164600 ms)

AssetImportParameters requested are different than current active one (requested -> active):
  custom:video-decoder-ogg-theora: a1e56fd34408186e4bbccfd4996cb3dc -> 
  custom:container-muxer-webm: aa71ff27fc2769a1b78a27578f13a17b -> 
  custom:container-demuxer-webm: 4f35f7cbe854078d1ac9338744f61a02 -> 
  custom:video-encoder-webm-vp8: eb34c28f22e8b96e1ab97ce403110664 -> 
  custom:audio-encoder-webm-vorbis: bf7c407c2cedff20999df2af8eb42d56 -> 
  custom:framework-win-MediaFoundation: 216162199b28c13a410421893ffa2e32 -> 
  custom:container-demuxer-ogg: 62fdf1f143b41e24485cea50d1cbac27 -> 
  custom:video-decoder-webm-vp8: 9c59270c3fd7afecdb556c50c9e8de78 -> 
  custom:audio-decoder-ogg-vorbis: bf7c407c2cedff20999df2af8eb42d56 -> 
========================================================================
Received Import Request.
  Time since last request: 160979.718251 seconds.
  path: Assets/Avatar 1/Avatar 1.fbx
  artifactKey: Guid(fbe7cfb2204c55f458b2db99094c0fc6) Importer(815301076,1909f56bfc062723c751e8b465ee728b)
Start importing Assets/Avatar 1/Avatar 1.fbx using Guid(fbe7cfb2204c55f458b2db99094c0fc6) Importer(815301076,1909f56bfc062723c751e8b465ee728b)  -> (artifact id: '2f8f7c715af354f2abb32ed8f9222909') in 0.202416 seconds 
========================================================================
Received Import Request.
  Time since last request: 0.000031 seconds.
  path: Assets/Avatar 1/Avatar 1@Standing Clap.fbx
  artifactKey: Guid(3794b9f7d965f824fa5891666694f2d7) Importer(815301076,1909f56bfc062723c751e8b465ee728b)
Start importing Assets/Avatar 1/Avatar 1@Standing Clap.fbx using Guid(3794b9f7d965f824fa5891666694f2d7) Importer(815301076,1909f56bfc062723c751e8b465ee728b)  -> (artifact id: '06b2f9d92ec0b986ba54c117ff867d0e') in 0.096294 seconds 
========================================================================
Received Import Request.
  Time since last request: 2017.822732 seconds.
  path: Assets/Avatar 2/Avatar 2.fbx
  artifactKey: Guid(51a53a9dcf6ebcc4ab3c3692b2da816d) Importer(815301076,1909f56bfc062723c751e8b465ee728b)
Start importing Assets/Avatar 2/Avatar 2.fbx using Guid(51a53a9dcf6ebcc4ab3c3692b2da816d) Importer(815301076,1909f56bfc062723c751e8b465ee728b)  -> (artifact id: 'cbe5a7374890c12a2f48e5f4290cb9b7') in 0.084589 seconds 
========================================================================
Received Import Request.
  Time since last request: 40.820657 seconds.
  path: Assets/Avatar 3/Avatar 3.fbx
  artifactKey: Guid(f35d10d73f313df47a3e28114ab82150) Importer(815301076,1909f56bfc062723c751e8b465ee728b)
Start importing Assets/Avatar 3/Avatar 3.fbx using Guid(f35d10d73f313df47a3e28114ab82150) Importer(815301076,1909f56bfc062723c751e8b465ee728b)  -> (artifact id: '39b08ec29fda9dfd811594b018b0b89d') in 0.058608 seconds 
========================================================================
Received Import Request.
  Time since last request: 10.693334 seconds.
  path: Assets/Avatar 4/Avatar 4.fbx
  artifactKey: Guid(211ef35e444ef704ebca679ebeff2adb) Importer(815301076,1909f56bfc062723c751e8b465ee728b)
Start importing Assets/Avatar 4/Avatar 4.fbx using Guid(211ef35e444ef704ebca679ebeff2adb) Importer(815301076,1909f56bfc062723c751e8b465ee728b)  -> (artifact id: '1550e0f33621c36c945f6f73d448cf57') in 0.056539 seconds 
========================================================================
Received Import Request.
  Time since last request: 34.953258 seconds.
  path: Assets/Avatar 5/Avatar 5.fbx
  artifactKey: Guid(2f3b26439dbe97c46afe13b26a52914b) Importer(815301076,1909f56bfc062723c751e8b465ee728b)
Start importing Assets/Avatar 5/Avatar 5.fbx using Guid(2f3b26439dbe97c46afe13b26a52914b) Importer(815301076,1909f56bfc062723c751e8b465ee728b)  -> (artifact id: 'c83d41b79530b8047432402c6eba2897') in 0.058987 seconds 
========================================================================
Received Import Request.
  Time since last request: 40.161192 seconds.
  path: Assets/Avatar 1@Standing Clap.fbx
  artifactKey: Guid(fb4b1d7d14a560140bcfafa204723b39) Importer(815301076,1909f56bfc062723c751e8b465ee728b)
Start importing Assets/Avatar 1@Standing Clap.fbx using Guid(fb4b1d7d14a560140bcfafa204723b39) Importer(815301076,1909f56bfc062723c751e8b465ee728b)  -> (artifact id: '0ae67c4a3645a5807e4f7d16626bcecd') in 0.051395 seconds 
========================================================================
Received Import Request.
  Time since last request: 32.353653 seconds.
  path: Assets/Avatar 1/Avatar 1.fbx
  artifactKey: Guid(fbe7cfb2204c55f458b2db99094c0fc6) Importer(815301076,1909f56bfc062723c751e8b465ee728b)
Start importing Assets/Avatar 1/Avatar 1.fbx using Guid(fbe7cfb2204c55f458b2db99094c0fc6) Importer(815301076,1909f56bfc062723c751e8b465ee728b)  -> (artifact id: 'f4e180e3f73552efc23035b083f60335') in 0.090482 seconds 
========================================================================
Received Import Request.
  Time since last request: 3506.165220 seconds.
  path: Assets/Standing Clap.fbx
  artifactKey: Guid(b328d34beb40cd544b69e753de2369a3) Importer(815301076,1909f56bfc062723c751e8b465ee728b)
Start importing Assets/Standing Clap.fbx using Guid(b328d34beb40cd544b69e753de2369a3) Importer(815301076,1909f56bfc062723c751e8b465ee728b)  -> (artifact id: '2cf43589e88750fdd7123a282e3337c8') in 0.090359 seconds 
========================================================================
Received Import Request.
  Time since last request: 369.073712 seconds.
  path: Assets/Avatar 6/Avatar 6.fbx
  artifactKey: Guid(c961dae59ba7e3e4c9efc0f1970b1c39) Importer(815301076,1909f56bfc062723c751e8b465ee728b)
Start importing Assets/Avatar 6/Avatar 6.fbx using Guid(c961dae59ba7e3e4c9efc0f1970b1c39) Importer(815301076,1909f56bfc062723c751e8b465ee728b)  -> (artifact id: '5f640b547287ff49ea993ab631857421') in 0.077513 seconds 
========================================================================
Received Import Request.
  Time since last request: 0.000022 seconds.
  path: Assets/Avatar 6/Avatar 6@Standing Clap.fbx
  artifactKey: Guid(6c228bc81db777c4a8f16acc28ac5967) Importer(815301076,1909f56bfc062723c751e8b465ee728b)
Start importing Assets/Avatar 6/Avatar 6@Standing Clap.fbx using Guid(6c228bc81db777c4a8f16acc28ac5967) Importer(815301076,1909f56bfc062723c751e8b465ee728b)  -> (artifact id: '6c830129ccc0f5fc7ecb3cc1cc12f48e') in 0.097333 seconds 
========================================================================
Received Import Request.
  Time since last request: 10.299732 seconds.
  path: Assets/Avatar 7/Avatar 7.fbx
  artifactKey: Guid(c3edb7ac3dc8a2148a7368d6432c2ba7) Importer(815301076,1909f56bfc062723c751e8b465ee728b)
Start importing Assets/Avatar 7/Avatar 7.fbx using Guid(c3edb7ac3dc8a2148a7368d6432c2ba7) Importer(815301076,1909f56bfc062723c751e8b465ee728b)  -> (artifact id: '58a815aa24b98c8e2d78bf85421b8668') in 0.052044 seconds 
========================================================================
Received Import Request.
  Time since last request: 45.730125 seconds.
  path: Assets/Avatar 5/Avatar 5.fbx
  artifactKey: Guid(2f3b26439dbe97c46afe13b26a52914b) Importer(815301076,1909f56bfc062723c751e8b465ee728b)
Start importing Assets/Avatar 5/Avatar 5.fbx using Guid(2f3b26439dbe97c46afe13b26a52914b) Importer(815301076,1909f56bfc062723c751e8b465ee728b)  -> (artifact id: 'c46b03533c898c7f935f0d95c6415afb') in 0.142335 seconds 
========================================================================
Received Import Request.
  Time since last request: 182.851011 seconds.
  path: Assets/humansuit.fbx
  artifactKey: Guid(4bcef734469f9cd4fbcccc4422a06c10) Importer(815301076,1909f56bfc062723c751e8b465ee728b)
Start importing Assets/humansuit.fbx using Guid(4bcef734469f9cd4fbcccc4422a06c10) Importer(815301076,1909f56bfc062723c751e8b465ee728b)  -> (artifact id: '59618251ea8c72bed2c2e4cae92b8fc2') in 0.130226 seconds 
========================================================================
Received Import Request.
  Time since last request: 125.695808 seconds.
  path: Assets/human.fbx
  artifactKey: Guid(d29ce59b8fbf4d742955aee011b7430e) Importer(815301076,1909f56bfc062723c751e8b465ee728b)
Start importing Assets/human.fbx using Guid(d29ce59b8fbf4d742955aee011b7430e) Importer(815301076,1909f56bfc062723c751e8b465ee728b)  -> (artifact id: 'b4552c5248fdbff140b3478834e0c4b7') in 0.104910 seconds 
========================================================================
Received Import Request.
  Time since last request: 8.141349 seconds.
  path: Assets/humansuit.fbx
  artifactKey: Guid(4bcef734469f9cd4fbcccc4422a06c10) Importer(815301076,1909f56bfc062723c751e8b465ee728b)
Start importing Assets/humansuit.fbx using Guid(4bcef734469f9cd4fbcccc4422a06c10) Importer(815301076,1909f56bfc062723c751e8b465ee728b)  -> (artifact id: 'a3859d732e341b91ce8066df692c9978') in 0.089491 seconds 
========================================================================
Received Import Request.
  Time since last request: 29.741230 seconds.
  path: Assets/humansuit.fbx
  artifactKey: Guid(4bcef734469f9cd4fbcccc4422a06c10) Importer(815301076,1909f56bfc062723c751e8b465ee728b)
Start importing Assets/humansuit.fbx using Guid(4bcef734469f9cd4fbcccc4422a06c10) Importer(815301076,1909f56bfc062723c751e8b465ee728b)  -> (artifact id: '66ca3630797625b4c2e036c77346f779') in 0.082821 seconds 
========================================================================
Received Import Request.
  Time since last request: 28.121442 seconds.
  path: Assets/human.fbm
  artifactKey: Guid(d1cb3550e98603242acc2ae92d396aa8) Importer(815301076,1909f56bfc062723c751e8b465ee728b)
Start importing Assets/human.fbm using Guid(d1cb3550e98603242acc2ae92d396aa8) Importer(815301076,1909f56bfc062723c751e8b465ee728b)  -> (artifact id: 'ebb837b2ba0e76f0aa113205d7a34fc6') in 0.001681 seconds 
========================================================================
Received Import Request.
  Time since last request: 79.245809 seconds.
  path: Assets/humansuit.fbx
  artifactKey: Guid(4bcef734469f9cd4fbcccc4422a06c10) Importer(815301076,1909f56bfc062723c751e8b465ee728b)
Start importing Assets/humansuit.fbx using Guid(4bcef734469f9cd4fbcccc4422a06c10) Importer(815301076,1909f56bfc062723c751e8b465ee728b)  -> (artifact id: '2a15e93ff3d3e83b15ee3fc4a16ab76f') in 0.105575 seconds 
========================================================================
Received Import Request.
  Time since last request: 176.069973 seconds.
  path: Assets/human.fbx
  artifactKey: Guid(d29ce59b8fbf4d742955aee011b7430e) Importer(815301076,1909f56bfc062723c751e8b465ee728b)
Start importing Assets/human.fbx using Guid(d29ce59b8fbf4d742955aee011b7430e) Importer(815301076,1909f56bfc062723c751e8b465ee728b)  -> (artifact id: '5583ad9964aa1cc80179d26658015bb9') in 0.101458 seconds 
========================================================================
Received Import Request.
  Time since last request: 21.302453 seconds.
  path: Assets/human.fbx
  artifactKey: Guid(d29ce59b8fbf4d742955aee011b7430e) Importer(815301076,1909f56bfc062723c751e8b465ee728b)
Start importing Assets/human.fbx using Guid(d29ce59b8fbf4d742955aee011b7430e) Importer(815301076,1909f56bfc062723c751e8b465ee728b)  -> (artifact id: '5a875f9e932a11cc9c92ed7db1b0d460') in 0.111505 seconds 
========================================================================
Received Import Request.
  Time since last request: 17.963043 seconds.
  path: Assets/Oculus Hands/Materials/Hands_solid.mat
  artifactKey: Guid(3637b758ff163493f8bb8b6d7e96d7ae) Importer(815301076,1909f56bfc062723c751e8b465ee728b)
Start importing Assets/Oculus Hands/Materials/Hands_solid.mat using Guid(3637b758ff163493f8bb8b6d7e96d7ae) Importer(815301076,1909f56bfc062723c751e8b465ee728b)  -> (artifact id: '6e97665b17e8e0369ceed25312c04267') in 0.033669 seconds 
========================================================================
Received Import Request.
  Time since last request: 0.000025 seconds.
  path: Assets/Oculus Hands/Materials/Hands_transparent.mat
  artifactKey: Guid(944feb076639a4d39b750e3cb5d7dfab) Importer(815301076,1909f56bfc062723c751e8b465ee728b)
Start importing Assets/Oculus Hands/Materials/Hands_transparent.mat using Guid(944feb076639a4d39b750e3cb5d7dfab) Importer(815301076,1909f56bfc062723c751e8b465ee728b)  -> (artifact id: '9e56c2735df7f6ee9776fb8d6deb8ffd') in 0.115603 seconds 
========================================================================
Received Import Request.
  Time since last request: 3.154046 seconds.
  path: Assets/texture/Wolf3D_Body.mat
  artifactKey: Guid(7913ab7ab0cdb614993d8ea8ce70a415) Importer(815301076,1909f56bfc062723c751e8b465ee728b)
Start importing Assets/texture/Wolf3D_Body.mat using Guid(7913ab7ab0cdb614993d8ea8ce70a415) Importer(815301076,1909f56bfc062723c751e8b465ee728b)  -> (artifact id: 'd8f45ad668de2f447a126b856efecc41') in 0.012452 seconds 
========================================================================
Received Import Request.
  Time since last request: 0.000027 seconds.
  path: Assets/texture/Wolf3D_Outfit_Footwear.mat
  artifactKey: Guid(645779e1f40c4d9499a5879abf68d9c9) Importer(815301076,1909f56bfc062723c751e8b465ee728b)
Start importing Assets/texture/Wolf3D_Outfit_Footwear.mat using Guid(645779e1f40c4d9499a5879abf68d9c9) Importer(815301076,1909f56bfc062723c751e8b465ee728b)  -> (artifact id: '8fd2ce2df4a9d069830f28cafe616100') in 0.017929 seconds 
========================================================================
Received Import Request.
  Time since last request: 0.000042 seconds.
  path: Assets/texture/Wolf3D_Skin.mat
  artifactKey: Guid(94cb5309272cc1a4e928e6ab338256ea) Importer(815301076,1909f56bfc062723c751e8b465ee728b)
Start importing Assets/texture/Wolf3D_Skin.mat using Guid(94cb5309272cc1a4e928e6ab338256ea) Importer(815301076,1909f56bfc062723c751e8b465ee728b)  -> (artifact id: 'ebe2aa269b6d6c91ceaca06a6bc96d7b') in 0.009647 seconds 
========================================================================
Received Import Request.
  Time since last request: 0.000047 seconds.
  path: Assets/texture/Wolf3D_Outfit_Top.mat
  artifactKey: Guid(001bd725f57a61c41875f69f434c554c) Importer(815301076,1909f56bfc062723c751e8b465ee728b)
Start importing Assets/texture/Wolf3D_Outfit_Top.mat using Guid(001bd725f57a61c41875f69f434c554c) Importer(815301076,1909f56bfc062723c751e8b465ee728b)  -> (artifact id: '17162a30d143870c5bc7e6b1ca9f3236') in 0.009735 seconds 
Editor requested this worker to shutdown with reason: Scaling down because of idle timeout
AssetImportWorker is now disconnected from the server
Process exiting
Exiting without the bug reporter. Application will terminate with return code 0